IQ-TREE multicore version 2.2.6 COVID-edition for Linux 64-bit built Dec  8 2023
Developed by Bui Quang Minh, James Barbetti, Nguyen Lam Tung,
Olga Chernomor, Heiko Schmidt, Dominik Schrempf, Michael Woodhams, Ly Trong Nhan.

Host:    pchuckle.cs.ucl.ac.uk (AVX2, FMA3, 7 GB RAM)
Command: iqtree -T AUTO -s /SAN/ugi/plant_genom/jiajucui/phylogeny/phylogeny_snp/phy/anew2024/vcfandphy/all131//bialleliconly_filtered.anew2024_all131.min131.phy -m MFP -B 1000 -alrt 1000
Seed:    554425 (Using SPRNG - Scalable Parallel Random Number Generator)
Time:    Sun Jun 16 01:11:13 2024
Kernel:  AVX+FMA - auto-detect threads (8 CPU cores detected)

Reading alignment file /SAN/ugi/plant_genom/jiajucui/phylogeny/phylogeny_snp/phy/anew2024/vcfandphy/all131//bialleliconly_filtered.anew2024_all131.min131.phy ... Phylip format detected
Alignment most likely contains DNA/RNA sequences
Constructing alignment: done in 0.00131025 secs using 748.6% CPU
Alignment has 131 sequences with 296 columns, 237 distinct patterns
185 parsimony-informative, 111 singleton sites, 0 constant sites
                  Gap/Ambiguity  Composition  p-value
Analyzing sequences: done in 6.7529e-05 secs using 730.1% CPU
   1  109.NOR_1990        0.00%    passed    100.00%
   2  120.RUS_1860        0.00%    passed     99.90%
   3  27.ESP_1975         0.00%    passed    100.00%
   4  30.ESP_1983b        0.00%    passed     97.21%
   5  33.ESP_1985b        0.00%    passed    100.00%
   6  34.ESP_1985c_S36    0.00%    passed     99.76%
   7  64.GBR_1933b_S36    0.00%    passed    100.00%
   8  75.LTU_1894_S30     0.00%    passed    100.00%
   9  76.LTU_2009_S19     0.00%    passed     99.76%
  10  86.NOR_1911_S7      0.00%    passed     99.76%
  11  HB0737              0.00%    passed    100.00%
  12  HB0766              0.00%    passed    100.00%
  13  HB0814              0.00%    passed     99.74%
  14  HB0828              0.00%    passed     99.06%
  15  HB0840              0.00%    passed    100.00%
  16  HB0841              0.00%    passed    100.00%
  17  HB0863              0.00%    passed     93.43%
  18  mDC3000             0.00%    passed     89.49%
  19  p12_A11             0.00%    passed    100.00%
  20  p12_A9              0.00%    passed     99.94%
  21  p12_E2              0.00%    passed     99.74%
  22  p12_F2              0.00%    passed    100.00%
  23  p12_G7              0.00%    passed    100.00%
  24  p12_H7              0.00%    passed     91.02%
  25  p13_C1              0.00%    passed    100.00%
  26  p13_C7              0.00%    passed     99.90%
  27  p13_D10             0.00%    passed     99.94%
  28  p13_D5              0.00%    passed     93.04%
  29  p13_F1              0.00%    passed     98.86%
  30  p13_F3              0.00%    passed     99.90%
  31  p13_F5              0.00%    passed     33.74%
  32  p20_B10             0.00%    passed     99.26%
  33  p20_D4              0.00%    passed    100.00%
  34  p20_F10             0.00%    passed    100.00%
  35  p20_G9              0.00%    passed    100.00%
  36  p21_A8              0.00%    passed    100.00%
  37  p21_E3              0.00%    passed    100.00%
  38  p21_F1              0.00%    passed     99.90%
  39  p21_F9              0.00%    passed    100.00%
  40  p22_A8              0.00%    passed    100.00%
  41  p22_B5              0.00%    passed    100.00%
  42  p22_C1              0.00%    passed     99.81%
  43  p22_D1              0.00%    passed    100.00%
  44  p22_D4              0.00%    passed    100.00%
  45  p23_A3              0.00%    passed     99.90%
  46  p23_A5              0.00%    passed     88.94%
  47  p23_B4              0.00%    passed     84.50%
  48  p23_B8              0.00%    passed    100.00%
  49  p24_B5              0.00%    passed    100.00%
  50  p24_H2              0.00%    passed     99.86%
  51  p25_A12             0.00%    passed     99.86%
  52  p25_B2              0.00%    passed    100.00%
  53  p25_C11             0.00%    passed     99.79%
  54  p25_C2              0.00%    passed    100.00%
  55  p25_D2              0.00%    passed    100.00%
  56  p26_B7              0.00%    passed    100.00%
  57  p26_C10             0.00%    passed     80.15%
  58  p26_D6              0.00%    passed    100.00%
  59  p26_E7              0.00%    passed    100.00%
  60  p26_F6              0.00%    passed     97.58%
  61  p27_C5              0.00%    passed     73.92%
  62  p27_D6              0.00%    passed    100.00%
  63  p27_F2              0.00%    passed    100.00%
  64  p3_A3               0.00%    passed    100.00%
  65  p3_F12              0.00%    passed    100.00%
  66  p3_F8               0.00%    passed    100.00%
  67  p3_G11              0.00%    passed     99.86%
  68  p3_G9               0.00%    passed    100.00%
  69  p4_A6               0.00%    passed    100.00%
  70  p4_A8               0.00%    passed     99.94%
  71  p4_C5               0.00%    passed     92.29%
  72  p4_D11              0.00%    passed     97.55%
  73  p4_D2               0.00%    passed     99.74%
  74  p4_E5               0.00%    passed    100.00%
  75  p4_E6               0.00%    passed    100.00%
  76  p4_H3               0.00%    passed     98.61%
  77  p5_A5               0.00%    passed     85.75%
  78  p5_C1               0.00%    passed    100.00%
  79  p5_C3               0.00%    passed    100.00%
  80  p5_D5               0.00%    passed     99.22%
  81  p5_F2               0.00%    passed     98.12%
  82  p5_H11              0.00%    passed     99.06%
  83  p6_A10              0.00%    passed    100.00%
  84  p6_B5               0.00%    passed     98.93%
  85  p6_B9               0.00%    passed    100.00%
  86  p6_D10              0.00%    passed     87.18%
  87  p6_E9               0.00%    passed     98.12%
  88  p6_F1               0.00%    passed     98.86%
  89  p6_G2               0.00%    passed     87.65%
  90  p6_G3               0.00%    passed     92.01%
  91  p7_F2               0.00%    passed     98.93%
  92  p7_G11              0.00%    passed     99.06%
  93  p8_B3               0.00%    passed    100.00%
  94  p8_B9               0.00%    passed     99.90%
  95  p8_C7               0.00%    passed     99.86%
  96  p8_D11              0.00%    passed     98.29%
  97  p8_E4               0.00%    passed     99.86%
  98  p8_G10              0.00%    passed     99.52%
  99  p8_G2               0.00%    passed     84.40%
 100  p8_H7               0.00%    passed     99.79%
 101  p9_C4               0.00%    passed    100.00%
 102  p9_H10              0.00%    passed     89.28%
 103  PL0001              0.00%    passed    100.00%
 104  PL0026              0.00%    passed    100.00%
 105  PL0027              0.00%    passed     99.86%
 106  PL0042              0.00%    passed    100.00%
 107  PL0046              0.00%    passed    100.00%
 108  PL0051              0.00%    passed     99.86%
 109  PL0053              0.00%    passed    100.00%
 110  PL0059              0.00%    passed     99.76%
 111  PL0065              0.00%    passed     99.82%
 112  PL0066              0.00%    passed     99.53%
 113  PL0068              0.00%    passed    100.00%
 114  PL0073              0.00%    passed     99.82%
 115  PL0080              0.00%    passed    100.00%
 116  PL0102              0.00%    passed    100.00%
 117  PL0108              0.00%    passed     98.50%
 118  PL0127              0.00%    passed    100.00%
 119  PL0131              0.00%    passed    100.00%
 120  PL0137              0.00%    passed    100.00%
 121  PL0139              0.00%    passed    100.00%
 122  PL0185              0.00%    passed     98.86%
 123  PL0203              0.00%    passed     94.97%
 124  PL0210              0.00%    passed     99.79%
 125  PL0220              0.00%    passed     99.56%
 126  PL0222              0.00%    passed     97.79%
 127  PL0224              0.00%    passed    100.00%
 128  PL0230              0.00%    passed     99.94%
 129  PL0235              0.00%    passed     99.56%
 130  PL0240              0.00%    passed     99.59%
 131  PL0258              0.00%    passed     96.66%
****  TOTAL               0.00%  0 sequences failed composition chi2 test (p-value<5%; df=3)
NOTE: 27.ESP_1975 is identical to 109.NOR_1990 but kept for subsequent analysis
NOTE: p12_E2 is identical to HB0814 but kept for subsequent analysis
NOTE: p21_F1 is identical to p13_C7 but kept for subsequent analysis
NOTE: p8_E4 is identical to p25_A12 but kept for subsequent analysis
NOTE: p8_H7 is identical to p25_C11 but kept for subsequent analysis
NOTE: p7_G11 is identical to p5_H11 but kept for subsequent analysis
NOTE: PL0027 is identical to p8_C7 but kept for subsequent analysis
NOTE: PL0235 is identical to PL0220 but kept for subsequent analysis
Checking for duplicate sequences: done in 0.000779644 secs using 769.2% CPU
Identifying sites to remove: done in 0.000681784 secs using 786.8% CPU
NOTE: 60 identical sequences (see below) will be ignored for subsequent analysis
NOTE: 33.ESP_1985b (identical to 109.NOR_1990) is ignored but added at the end
NOTE: 75.LTU_1894_S30 (identical to 109.NOR_1990) is ignored but added at the end
NOTE: HB0737 (identical to 109.NOR_1990) is ignored but added at the end
NOTE: HB0766 (identical to 109.NOR_1990) is ignored but added at the end
NOTE: HB0840 (identical to 109.NOR_1990) is ignored but added at the end
NOTE: HB0841 (identical to 109.NOR_1990) is ignored but added at the end
NOTE: p12_A11 (identical to 109.NOR_1990) is ignored but added at the end
NOTE: p12_F2 (identical to 109.NOR_1990) is ignored but added at the end
NOTE: p12_G7 (identical to 109.NOR_1990) is ignored but added at the end
NOTE: p13_C1 (identical to 109.NOR_1990) is ignored but added at the end
NOTE: p20_D4 (identical to 109.NOR_1990) is ignored but added at the end
NOTE: p20_F10 (identical to 109.NOR_1990) is ignored but added at the end
NOTE: p20_G9 (identical to 109.NOR_1990) is ignored but added at the end
NOTE: p21_A8 (identical to 109.NOR_1990) is ignored but added at the end
NOTE: p21_E3 (identical to 109.NOR_1990) is ignored but added at the end
NOTE: p21_F9 (identical to 109.NOR_1990) is ignored but added at the end
NOTE: p22_A8 (identical to 109.NOR_1990) is ignored but added at the end
NOTE: p22_B5 (identical to 109.NOR_1990) is ignored but added at the end
NOTE: p22_D1 (identical to 109.NOR_1990) is ignored but added at the end
NOTE: p22_D4 (identical to 109.NOR_1990) is ignored but added at the end
NOTE: p23_B8 (identical to 109.NOR_1990) is ignored but added at the end
NOTE: p24_B5 (identical to 109.NOR_1990) is ignored but added at the end
NOTE: p25_B2 (identical to 109.NOR_1990) is ignored but added at the end
NOTE: p25_C2 (identical to 109.NOR_1990) is ignored but added at the end
NOTE: p25_D2 (identical to 109.NOR_1990) is ignored but added at the end
NOTE: p26_B7 (identical to 109.NOR_1990) is ignored but added at the end
NOTE: p26_D6 (identical to 109.NOR_1990) is ignored but added at the end
NOTE: p26_E7 (identical to 109.NOR_1990) is ignored but added at the end
NOTE: p27_D6 (identical to 109.NOR_1990) is ignored but added at the end
NOTE: p27_F2 (identical to 109.NOR_1990) is ignored but added at the end
NOTE: p3_A3 (identical to 109.NOR_1990) is ignored but added at the end
NOTE: p3_F12 (identical to 109.NOR_1990) is ignored but added at the end
NOTE: p3_F8 (identical to 109.NOR_1990) is ignored but added at the end
NOTE: p3_G9 (identical to 109.NOR_1990) is ignored but added at the end
NOTE: p4_A6 (identical to 109.NOR_1990) is ignored but added at the end
NOTE: p4_E5 (identical to 109.NOR_1990) is ignored but added at the end
NOTE: p4_E6 (identical to 109.NOR_1990) is ignored but added at the end
NOTE: p5_C1 (identical to 109.NOR_1990) is ignored but added at the end
NOTE: p5_C3 (identical to 109.NOR_1990) is ignored but added at the end
NOTE: p6_A10 (identical to 109.NOR_1990) is ignored but added at the end
NOTE: p6_B9 (identical to 109.NOR_1990) is ignored but added at the end
NOTE: p8_B3 (identical to 109.NOR_1990) is ignored but added at the end
NOTE: p9_C4 (identical to 109.NOR_1990) is ignored but added at the end
NOTE: PL0001 (identical to 109.NOR_1990) is ignored but added at the end
NOTE: PL0026 (identical to 109.NOR_1990) is ignored but added at the end
NOTE: PL0042 (identical to 109.NOR_1990) is ignored but added at the end
NOTE: PL0046 (identical to 109.NOR_1990) is ignored but added at the end
NOTE: PL0053 (identical to 109.NOR_1990) is ignored but added at the end
NOTE: PL0068 (identical to 109.NOR_1990) is ignored but added at the end
NOTE: PL0080 (identical to 109.NOR_1990) is ignored but added at the end
NOTE: PL0102 (identical to 109.NOR_1990) is ignored but added at the end
NOTE: PL0127 (identical to 109.NOR_1990) is ignored but added at the end
NOTE: PL0131 (identical to 109.NOR_1990) is ignored but added at the end
NOTE: PL0137 (identical to 109.NOR_1990) is ignored but added at the end
NOTE: PL0139 (identical to 109.NOR_1990) is ignored but added at the end
NOTE: PL0224 (identical to 109.NOR_1990) is ignored but added at the end
NOTE: p4_D2 (identical to HB0814) is ignored but added at the end
NOTE: p8_B9 (identical to p13_C7) is ignored but added at the end
NOTE: PL0051 (identical to p25_A12) is ignored but added at the end
NOTE: PL0210 (identical to p25_C11) is ignored but added at the end
Alignment was printed to /SAN/ugi/plant_genom/jiajucui/phylogeny/phylogeny_snp/phy/anew2024/vcfandphy/all131//bialleliconly_filtered.anew2024_all131.min131.phy.uniqueseq.phy

For your convenience alignment with unique sequences printed to /SAN/ugi/plant_genom/jiajucui/phylogeny/phylogeny_snp/phy/anew2024/vcfandphy/all131//bialleliconly_filtered.anew2024_all131.min131.phy.uniqueseq.phy


Create initial parsimony tree by phylogenetic likelihood library (PLL)... 0.006 seconds
Measuring multi-threading efficiency up to 8 CPU cores
Increase to 10 rounds for branch lengths
184 trees examined
Threads: 1 / Time: 8.026 sec / Speedup: 1.000 / Efficiency: 100% / LogL: -6816
Threads: 2 / Time: 5.729 sec / Speedup: 1.401 / Efficiency: 70% / LogL: -6816
Threads: 3 / Time: 6.179 sec / Speedup: 1.299 / Efficiency: 43% / LogL: -6816
Determining AUTO threadcount: done in 19.9351 secs using 185.7% CPU
BEST NUMBER OF THREADS: 2

Perform fast likelihood tree search using GTR+ASC+G model...
Estimate model parameters (epsilon = 5.000)
Perform nearest neighbor interchange...
Optimizing NNI: done in 0.092118 secs using 189.1% CPU
Estimate model parameters (epsilon = 1.000)
1. Initial log-likelihood: -3057.437
Optimal log-likelihood: -3057.122
Rate parameters:  A-C: 0.59777  A-G: 6.79509  A-T: 1.09343  C-G: 0.67751  C-T: 5.61854  G-T: 1.00000
Base frequencies:  A: 0.225  C: 0.250  G: 0.241  T: 0.283
Gamma shape alpha: 0.821
Parameters optimization took 1 rounds (0.059 sec)
Time for fast ML tree search: 0.312 seconds

NOTE: ModelFinder requires 6 MB RAM!
ModelFinder will test up to 484 DNA models (sample size: 296) ...
 No. Model         -LnL         df  AIC          AICc         BIC
  1  GTR+F         3132.545     147 6559.090     6853.090     7101.573
  2  GTR+F+ASC     3086.143     147 6466.286     6760.286     7008.769
  3  GTR+F+G4      3130.802     148 6557.605     6857.632     7103.778
  4  GTR+F+ASC+G4  3057.058     148 6410.117     6710.144     6956.290
  5  GTR+F+R2      3118.847     149 6535.694     6841.858     7085.558
  6  GTR+F+R3      3118.809     151 6539.619     6858.397     7096.863
 14  GTR+F+ASC+R2  3048.001     149 6394.002     6700.166     6943.866
 15  GTR+F+ASC+R3  3047.210     151 6396.419     6715.197     6953.663
 24  SYM+ASC       3088.242     144 6464.484     6741.041     6995.896
 26  SYM+ASC+G4    3058.122     145 6406.243     6688.510     6941.345
 27  SYM+R2        3120.779     146 6533.557     6821.638     7072.350
 36  SYM+ASC+R2    3048.895     146 6389.791     6677.871     6928.583
 37  SYM+ASC+R3    3047.923     148 6391.846     6691.873     6938.019
 46  TVM+F+ASC     3087.582     146 6467.165     6755.246     7005.957
 48  TVM+F+ASC+G4  3057.667     147 6409.334     6703.334     6951.817
 49  TVM+F+R2      3120.256     148 6536.512     6836.539     7082.685
 58  TVM+F+ASC+R2  3048.729     148 6393.458     6693.485     6939.631
 59  TVM+F+ASC+R3  3048.079     150 6396.159     6708.573     6949.713
 68  TVMe+ASC      3088.243     143 6462.485     6733.433     6990.207
 70  TVMe+ASC+G4   3058.149     144 6404.299     6680.855     6935.711
 71  TVMe+R2       3120.872     145 6531.744     6814.011     7066.846
 80  TVMe+ASC+R2   3049.033     145 6388.066     6670.333     6923.168
 81  TVMe+ASC+R3   3048.327     147 6390.655     6684.655     6933.138
 90  TIM3+F+ASC    3086.432     145 6462.864     6745.131     6997.966
 92  TIM3+F+ASC+G4 3056.861     146 6405.722     6693.803     6944.515
 93  TIM3+F+R2     3118.980     147 6531.959     6825.959     7074.442
102  TIM3+F+ASC+R2 3048.091     147 6390.181     6684.181     6932.664
103  TIM3+F+ASC+R3 3047.370     149 6392.740     6698.905     6942.604
112  TIM3e+ASC     3088.390     142 6460.780     6726.218     6984.811
114  TIM3e+ASC+G4  3058.271     143 6402.542     6673.489     6930.263
115  TIM3e+R2      3120.944     144 6529.889     6806.445     7061.301
124  TIM3e+ASC+R2  3049.135     144 6386.269     6662.826     6917.681
125  TIM3e+ASC+R3  3048.160     146 6388.319     6676.400     6927.112
134  TIM2+F+ASC    3089.640     145 6469.281     6751.547     7004.383
136  TIM2+F+ASC+G4 3060.096     146 6412.193     6700.274     6950.985
137  TIM2+F+R2     3122.249     147 6538.499     6832.499     7080.982
146  TIM2+F+ASC+R2 3051.277     147 6396.555     6690.555     6939.037
147  TIM2+F+ASC+R3 3050.350     149 6398.701     6704.865     6948.564
156  TIM2e+ASC     3092.990     142 6469.980     6735.418     6994.011
158  TIM2e+ASC+G4  3063.140     143 6412.279     6683.227     6940.001
159  TIM2e+R2      3125.205     144 6538.409     6814.966     7069.821
168  TIM2e+ASC+R2  3053.957     144 6395.913     6672.470     6927.325
169  TIM2e+ASC+R3  3053.252     146 6398.504     6686.585     6937.296
178  TIM+F+ASC     3089.540     145 6469.080     6751.346     7004.182
180  TIM+F+ASC+G4  3059.978     146 6411.956     6700.037     6950.749
181  TIM+F+R2      3122.150     147 6538.299     6832.299     7080.782
190  TIM+F+ASC+R2  3051.145     147 6396.291     6690.291     6938.774
191  TIM+F+ASC+R3  3050.219     149 6398.437     6704.602     6948.301
200  TIMe+ASC      3092.883     142 6469.767     6735.205     6993.798
202  TIMe+ASC+G4   3063.066     143 6412.131     6683.078     6939.852
203  TIMe+R2       3125.120     144 6538.239     6814.795     7069.651
212  TIMe+ASC+R2   3053.926     144 6395.852     6672.409     6927.264
213  TIMe+ASC+R3   3053.220     146 6398.440     6686.521     6937.233
222  TPM3u+F+ASC   3087.747     144 6463.493     6740.049     6994.905
224  TPM3u+F+ASC+G4 3057.800     145 6405.601     6687.867     6940.703
225  TPM3u+F+R2    3120.385     146 6532.770     6820.850     7071.562
234  TPM3u+F+ASC+R2 3048.888     146 6389.776     6677.856     6928.568
235  TPM3u+F+ASC+R3 3048.040     148 6392.080     6692.107     6938.253
244  TPM3+ASC      3088.390     141 6458.779     6718.805     6979.120
246  TPM3+ASC+G4   3058.315     142 6400.630     6666.068     6924.661
247  TPM3+R2       3121.004     143 6528.008     6798.956     7055.730
256  TPM3+ASC+R2   3049.274     143 6384.548     6655.496     6912.270
257  TPM3+ASC+R3   3048.296     145 6386.592     6668.858     6921.694
266  TPM2u+F+ASC   3090.939     144 6469.879     6746.435     7001.290
268  TPM2u+F+ASC+G4 3061.008     145 6412.015     6694.282     6947.118
269  TPM2u+F+R2    3123.604     146 6539.208     6827.289     7078.001
278  TPM2u+F+ASC+R2 3052.046     146 6396.091     6684.172     6934.884
279  TPM2u+F+ASC+R3 3051.336     148 6398.672     6698.699     6944.845
288  TPM2+ASC      3092.991     141 6467.981     6728.007     6988.322
290  TPM2+ASC+G4   3063.188     142 6410.376     6675.814     6934.407
291  TPM2+R2       3125.255     143 6536.511     6807.458     7064.232
300  TPM2+ASC+R2   3054.100     143 6394.199     6665.146     6921.920
301  TPM2+ASC+R3   3053.389     145 6396.779     6679.045     6931.881
310  K3Pu+F+ASC    3090.837     144 6469.673     6746.229     7001.085
312  K3Pu+F+ASC+G4 3060.890     145 6411.779     6694.046     6946.882
313  K3Pu+F+R2     3123.500     146 6539.000     6827.081     7077.793
322  K3Pu+F+ASC+R2 3051.912     146 6395.824     6683.904     6934.616
323  K3Pu+F+ASC+R3 3051.202     148 6398.405     6698.432     6944.578
332  K3P+ASC       3092.883     141 6467.766     6727.792     6988.107
334  K3P+ASC+G4    3063.114     142 6410.228     6675.666     6934.259
335  K3P+R2        3125.170     143 6536.339     6807.286     7064.060
344  K3P+ASC+R2    3054.069     143 6394.139     6665.086     6921.860
345  K3P+ASC+R3    3053.360     145 6396.720     6678.987     6931.822
354  TN+F+ASC      3089.660     144 6467.321     6743.877     6998.732
356  TN+F+ASC+G4   3060.097     145 6410.194     6692.461     6945.296
357  TN+F+R2       3122.256     146 6536.512     6824.592     7075.304
366  TN+F+ASC+R2   3051.286     146 6394.571     6682.652     6933.364
367  TN+F+ASC+R3   3050.356     148 6396.713     6696.740     6942.886
376  TNe+ASC       3092.994     141 6467.989     6728.015     6988.329
378  TNe+ASC+G4    3063.178     142 6410.356     6675.794     6934.387
379  TNe+R2        3125.214     143 6536.428     6807.376     7064.150
388  TNe+ASC+R2    3054.059     143 6394.119     6665.066     6921.840
389  TNe+ASC+R3    3053.351     145 6396.702     6678.968     6931.804
398  HKY+F+ASC     3090.959     143 6467.918     6738.866     6995.640
400  HKY+F+ASC+G4  3061.009     144 6410.018     6686.575     6941.430
401  HKY+F+R2      3123.607     145 6537.214     6819.481     7072.316
410  HKY+F+ASC+R2  3052.054     145 6394.108     6676.375     6929.210
411  HKY+F+ASC+R3  3051.341     147 6396.682     6690.682     6939.165
420  K2P+ASC       3092.994     140 6465.989     6720.698     6982.639
422  K2P+ASC+G4    3063.226     141 6408.451     6668.477     6928.792
423  K2P+R2        3125.265     142 6534.530     6799.968     7058.561
432  K2P+ASC+R2    3054.207     142 6392.414     6657.852     6916.445
433  K2P+ASC+R3    3053.490     144 6394.980     6671.537     6926.392
442  F81+F+ASC     3322.511     142 6929.023     7194.461     7453.054
444  F81+F+ASC+G4  3294.268     143 6874.536     7145.483     7402.257
445  F81+F+R2      3358.603     144 7005.205     7281.762     7536.617
454  F81+F+ASC+R2  3285.790     144 6859.581     7136.137     7390.993
455  F81+F+ASC+R3  3285.183     146 6862.365     7150.446     7401.158
464  JC+ASC        3325.718     139 6929.435     7178.922     7442.395
466  JC+ASC+G4     3297.388     140 6874.777     7129.487     7391.427
467  JC+R2         3361.712     141 7005.423     7265.449     7525.764
476  JC+ASC+R2     3288.869     141 6859.737     7119.763     7380.078
477  JC+ASC+R3     3288.258     143 6862.516     7133.464     7390.238
Akaike Information Criterion:           TPM3+ASC+R2
Corrected Akaike Information Criterion: TPM3+ASC+R2
Bayesian Information Criterion:         TPM3+ASC+R2
Best-fit model: TPM3+ASC+R2 chosen according to BIC

All model information printed to /SAN/ugi/plant_genom/jiajucui/phylogeny/phylogeny_snp/phy/anew2024/vcfandphy/all131//bialleliconly_filtered.anew2024_all131.min131.phy.model.gz
CPU time for ModelFinder: 54.179 seconds (0h:0m:54s)
Wall-clock time for ModelFinder: 28.656 seconds (0h:0m:28s)
Generating 1000 samples for ultrafast bootstrap (seed: 554425)...

NOTE: 2 MB RAM (0 GB) is required!
Estimate model parameters (epsilon = 0.100)
1. Initial log-likelihood: -3049.274
Optimal log-likelihood: -3049.274
Rate parameters:  A-C: 0.54060  A-G: 5.64798  A-T: 1.00000  C-G: 0.54060  C-T: 5.64798  G-T: 1.00000
Base frequencies:  A: 0.250  C: 0.250  G: 0.250  T: 0.250
Site proportion and rates:  (0.825,0.474) (0.175,3.484)
Parameters optimization took 1 rounds (0.018 sec)
Wrote distance file to... 
Computing ML distances based on estimated model parameters...
Calculating distance matrix: done in 0.00603402 secs using 199.6% CPU
Computing ML distances took 0.006186 sec (of wall-clock time) 0.012329 sec (of CPU time)
Setting up auxiliary I and S matrices: done in 0.000292993 secs using 188.7% CPU
Constructing RapidNJ tree: done in 0.00794848 secs using 109.4% CPU
Computing RapidNJ tree took 0.008351 sec (of wall-clock time) 0.009264 sec (of CPU time)
Log-likelihood of RapidNJ tree: -3068.661
--------------------------------------------------------------------
|             INITIALIZING CANDIDATE TREE SET                      |
--------------------------------------------------------------------
Generating 98 parsimony trees... 0.523 second
Computing log-likelihood of 98 initial trees ... 0.382 seconds
Current best score: -3049.274

Do NNI search on 20 best initial trees
Optimizing NNI: done in 0.0272699 secs using 196.3% CPU
Estimate model parameters (epsilon = 0.100)
BETTER TREE FOUND at iteration 1: -3049.274
Optimizing NNI: done in 0.267514 secs using 195.1% CPU
Estimate model parameters (epsilon = 0.100)
BETTER TREE FOUND at iteration 2: -3040.985
Optimizing NNI: done in 0.274218 secs using 197.4% CPU
Estimate model parameters (epsilon = 0.100)
BETTER TREE FOUND at iteration 3: -3040.144
Optimizing NNI: done in 0.263332 secs using 197.3% CPU
Optimizing NNI: done in 0.171629 secs using 196.5% CPU
Optimizing NNI: done in 0.175602 secs using 197.1% CPU
Optimizing NNI: done in 0.149905 secs using 198% CPU
Optimizing NNI: done in 0.176895 secs using 196.6% CPU
Optimizing NNI: done in 0.178385 secs using 197.7% CPU
Estimate model parameters (epsilon = 0.100)
BETTER TREE FOUND at iteration 9: -3039.602
Optimizing NNI: done in 0.194665 secs using 196.9% CPU
Iteration 10 / LogL: -3044.155 / Time: 0h:0m:2s
Optimizing NNI: done in 0.19576 secs using 195.9% CPU
Estimate model parameters (epsilon = 0.100)
BETTER TREE FOUND at iteration 11: -3039.112
Optimizing NNI: done in 0.170091 secs using 198.2% CPU
Optimizing NNI: done in 0.163248 secs using 196.9% CPU
Optimizing NNI: done in 0.175597 secs using 197.7% CPU
Optimizing NNI: done in 0.213015 secs using 197.6% CPU
Optimizing NNI: done in 0.211126 secs using 194.8% CPU
Optimizing NNI: done in 0.175125 secs using 198.9% CPU
Optimizing NNI: done in 0.184716 secs using 197.8% CPU
Optimizing NNI: done in 0.189279 secs using 195.2% CPU
Optimizing NNI: done in 0.215734 secs using 196.3% CPU
Iteration 20 / LogL: -3042.470 / Time: 0h:0m:4s
Finish initializing candidate tree set (20)
Current best tree score: -3039.112 / CPU time: 4.792
Number of iterations: 20
--------------------------------------------------------------------
|               OPTIMIZING CANDIDATE TREE SET                      |
--------------------------------------------------------------------
Optimizing NNI: done in 0.0889161 secs using 195.5% CPU
Optimizing NNI: done in 0.12741 secs using 197.6% CPU
Optimizing NNI: done in 0.117089 secs using 197.4% CPU
Optimizing NNI: done in 0.129992 secs using 196.1% CPU
Estimate model parameters (epsilon = 0.100)
BETTER TREE FOUND at iteration 24: -3037.902
Optimizing NNI: done in 0.126094 secs using 195.2% CPU
Optimizing NNI: done in 0.0747773 secs using 192% CPU
Optimizing NNI: done in 0.12303 secs using 194.3% CPU
Estimate model parameters (epsilon = 0.100)
BETTER TREE FOUND at iteration 27: -3036.509
Optimizing NNI: done in 0.17972 secs using 194.4% CPU
Optimizing NNI: done in 0.123165 secs using 198.3% CPU
Optimizing NNI: done in 0.106745 secs using 197.2% CPU
Iteration 30 / LogL: -3036.517 / Time: 0h:0m:6s (0h:0m:20s left)
Optimizing NNI: done in 0.107631 secs using 196.2% CPU
Optimizing NNI: done in 0.0939422 secs using 196.8% CPU
Optimizing NNI: done in 0.128902 secs using 198.4% CPU
Optimizing NNI: done in 0.0852345 secs using 195.3% CPU
Optimizing NNI: done in 0.128426 secs using 191.4% CPU
Optimizing NNI: done in 0.0960167 secs using 196.9% CPU
Optimizing NNI: done in 0.137629 secs using 194.9% CPU
Optimizing NNI: done in 0.157515 secs using 195.5% CPU
Optimizing NNI: done in 0.117086 secs using 199.2% CPU
Optimizing NNI: done in 0.0643772 secs using 196.9% CPU
Iteration 40 / LogL: -3145.784 / Time: 0h:0m:7s (0h:0m:16s left)
Optimizing NNI: done in 0.12681 secs using 196.9% CPU
Optimizing NNI: done in 0.14937 secs using 198.7% CPU
Optimizing NNI: done in 0.164376 secs using 197.6% CPU
Optimizing NNI: done in 0.163642 secs using 195.7% CPU
Optimizing NNI: done in 0.0999924 secs using 195.3% CPU
Optimizing NNI: done in 0.125677 secs using 195.2% CPU
Optimizing NNI: done in 0.130972 secs using 196.2% CPU
Optimizing NNI: done in 0.128159 secs using 196.1% CPU
Optimizing NNI: done in 0.123441 secs using 195.1% CPU
Optimizing NNI: done in 0.133471 secs using 198.5% CPU
Iteration 50 / LogL: -3058.759 / Time: 0h:0m:8s (0h:0m:13s left)
Log-likelihood cutoff on original alignment: -3084.787
Optimizing NNI: done in 0.13872 secs using 192.1% CPU
Optimizing NNI: done in 0.149228 secs using 193.3% CPU
Optimizing NNI: done in 0.133533 secs using 195.4% CPU
Optimizing NNI: done in 0.126711 secs using 193.7% CPU
Optimizing NNI: done in 0.152436 secs using 196.7% CPU
Optimizing NNI: done in 0.129722 secs using 196.1% CPU
Optimizing NNI: done in 0.172702 secs using 197.6% CPU
Optimizing NNI: done in 0.145418 secs using 194.5% CPU
Optimizing NNI: done in 0.121237 secs using 197.5% CPU
Optimizing NNI: done in 0.0827832 secs using 195.1% CPU
Iteration 60 / LogL: -3036.515 / Time: 0h:0m:10s (0h:0m:12s left)
Optimizing NNI: done in 0.121618 secs using 197.5% CPU
Optimizing NNI: done in 0.152389 secs using 193.4% CPU
Optimizing NNI: done in 0.149153 secs using 191.1% CPU
Optimizing NNI: done in 0.234071 secs using 197% CPU
Optimizing NNI: done in 0.109114 secs using 196.3% CPU
Optimizing NNI: done in 0.140303 secs using 195% CPU
Optimizing NNI: done in 0.110408 secs using 193.6% CPU
Optimizing NNI: done in 0.159121 secs using 198.1% CPU
Optimizing NNI: done in 0.111092 secs using 199.1% CPU
Optimizing NNI: done in 0.0949489 secs using 198.9% CPU
Iteration 70 / LogL: -3044.833 / Time: 0h:0m:12s (0h:0m:9s left)
Optimizing NNI: done in 0.125384 secs using 193.6% CPU
Optimizing NNI: done in 0.117327 secs using 193.1% CPU
Optimizing NNI: done in 0.0879127 secs using 197.7% CPU
Optimizing NNI: done in 0.10461 secs using 196.1% CPU
Optimizing NNI: done in 0.085988 secs using 196.5% CPU
Optimizing NNI: done in 0.0884809 secs using 196.6% CPU
Optimizing NNI: done in 0.14076 secs using 197.2% CPU
Optimizing NNI: done in 0.128513 secs using 194.5% CPU
Optimizing NNI: done in 0.100652 secs using 193% CPU
Optimizing NNI: done in 0.166382 secs using 197% CPU
Iteration 80 / LogL: -3037.354 / Time: 0h:0m:13s (0h:0m:7s left)
Optimizing NNI: done in 0.100885 secs using 196% CPU
Optimizing NNI: done in 0.137275 secs using 196.3% CPU
Optimizing NNI: done in 0.15045 secs using 196% CPU
Optimizing NNI: done in 0.0982973 secs using 195.9% CPU
Optimizing NNI: done in 0.0788114 secs using 196.2% CPU
Optimizing NNI: done in 0.108582 secs using 197.2% CPU
Optimizing NNI: done in 0.109571 secs using 197.2% CPU
Optimizing NNI: done in 0.101586 secs using 196% CPU
Optimizing NNI: done in 0.175819 secs using 198.9% CPU
Optimizing NNI: done in 0.0972835 secs using 197.9% CPU
Iteration 90 / LogL: -3051.846 / Time: 0h:0m:14s (0h:0m:6s left)
Optimizing NNI: done in 0.239476 secs using 195.8% CPU
Optimizing NNI: done in 0.204312 secs using 193.1% CPU
Optimizing NNI: done in 0.173877 secs using 195.4% CPU
Optimizing NNI: done in 0.208355 secs using 195.7% CPU
Optimizing NNI: done in 0.151502 secs using 196.7% CPU
Optimizing NNI: done in 0.214133 secs using 194.4% CPU
Optimizing NNI: done in 0.201683 secs using 195% CPU
Optimizing NNI: done in 0.203859 secs using 194.4% CPU
Optimizing NNI: done in 0.141218 secs using 197.1% CPU
Optimizing NNI: done in 0.143736 secs using 193% CPU
Iteration 100 / LogL: -3036.518 / Time: 0h:0m:16s (0h:0m:4s left)
Log-likelihood cutoff on original alignment: -3084.787
NOTE: Bootstrap correlation coefficient of split occurrence frequencies: 0.995
Optimizing NNI: done in 0.193563 secs using 192.8% CPU
Optimizing NNI: done in 0.164642 secs using 195.1% CPU
Optimizing NNI: done in 0.226307 secs using 196% CPU
Optimizing NNI: done in 0.255744 secs using 196.4% CPU
Optimizing NNI: done in 0.189364 secs using 194.7% CPU
Optimizing NNI: done in 0.143603 secs using 194.4% CPU
Optimizing NNI: done in 0.113901 secs using 192.9% CPU
Optimizing NNI: done in 0.16584 secs using 193% CPU
Optimizing NNI: done in 0.132313 secs using 195.4% CPU
Optimizing NNI: done in 0.140979 secs using 196.4% CPU
Iteration 110 / LogL: -3036.525 / Time: 0h:0m:18s (0h:0m:15s left)
Optimizing NNI: done in 0.161631 secs using 195% CPU
Optimizing NNI: done in 0.130416 secs using 193% CPU
Optimizing NNI: done in 0.274228 secs using 194.8% CPU
Optimizing NNI: done in 0.129883 secs using 196.1% CPU
Optimizing NNI: done in 0.134555 secs using 198.3% CPU
Optimizing NNI: done in 0.200791 secs using 197% CPU
Optimizing NNI: done in 0.170185 secs using 194.7% CPU
Optimizing NNI: done in 0.167437 secs using 194.6% CPU
Optimizing NNI: done in 0.104157 secs using 196.1% CPU
Optimizing NNI: done in 0.149841 secs using 193.3% CPU
Iteration 120 / LogL: -3036.525 / Time: 0h:0m:20s (0h:0m:13s left)
Optimizing NNI: done in 0.124052 secs using 191% CPU
Optimizing NNI: done in 0.11549 secs using 194.8% CPU
Optimizing NNI: done in 0.109473 secs using 195.4% CPU
Optimizing NNI: done in 0.122851 secs using 192.7% CPU
Optimizing NNI: done in 0.0928797 secs using 195.7% CPU
Optimizing NNI: done in 0.131123 secs using 196.2% CPU
Optimizing NNI: done in 0.138761 secs using 194.9% CPU
Optimizing NNI: done in 0.126512 secs using 194.4% CPU
TREE SEARCH COMPLETED AFTER 128 ITERATIONS / Time: 0h:0m:21s

--------------------------------------------------------------------
|                    FINALIZING TREE SEARCH                        |
--------------------------------------------------------------------
Performs final model parameters optimization
Estimate model parameters (epsilon = 0.010)
1. Initial log-likelihood: -3036.509
Optimal log-likelihood: -3036.507
Rate parameters:  A-C: 0.53390  A-G: 5.64096  A-T: 1.00000  C-G: 0.53390  C-T: 5.64096  G-T: 1.00000
Base frequencies:  A: 0.250  C: 0.250  G: 0.250  T: 0.250
Site proportion and rates:  (0.829,0.486) (0.171,3.495)
Parameters optimization took 1 rounds (0.019 sec)
BEST SCORE FOUND : -3036.507

Testing tree branches by SH-like aLRT with 1000 replicates...
0.253 sec.
Creating bootstrap support values...
Split supports printed to NEXUS file /SAN/ugi/plant_genom/jiajucui/phylogeny/phylogeny_snp/phy/anew2024/vcfandphy/all131//bialleliconly_filtered.anew2024_all131.min131.phy.splits.nex
Total tree length: 1.194

Total number of iterations: 128
CPU time used for tree search: 39.944 sec (0h:0m:39s)
Wall-clock time used for tree search: 21.424 sec (0h:0m:21s)
Total CPU time used: 40.840 sec (0h:0m:40s)
Total wall-clock time used: 22.040 sec (0h:0m:22s)

Computing bootstrap consensus tree...
Reading input file /SAN/ugi/plant_genom/jiajucui/phylogeny/phylogeny_snp/phy/anew2024/vcfandphy/all131//bialleliconly_filtered.anew2024_all131.min131.phy.splits.nex...
71 taxa and 1420 splits.
Consensus tree written to /SAN/ugi/plant_genom/jiajucui/phylogeny/phylogeny_snp/phy/anew2024/vcfandphy/all131//bialleliconly_filtered.anew2024_all131.min131.phy.contree
Reading input trees file /SAN/ugi/plant_genom/jiajucui/phylogeny/phylogeny_snp/phy/anew2024/vcfandphy/all131//bialleliconly_filtered.anew2024_all131.min131.phy.contree
Log-likelihood of consensus tree: -3036.541

Analysis results written to: 
  IQ-TREE report:                /SAN/ugi/plant_genom/jiajucui/phylogeny/phylogeny_snp/phy/anew2024/vcfandphy/all131//bialleliconly_filtered.anew2024_all131.min131.phy.iqtree
  Maximum-likelihood tree:       /SAN/ugi/plant_genom/jiajucui/phylogeny/phylogeny_snp/phy/anew2024/vcfandphy/all131//bialleliconly_filtered.anew2024_all131.min131.phy.treefile
  Likelihood distances:          /SAN/ugi/plant_genom/jiajucui/phylogeny/phylogeny_snp/phy/anew2024/vcfandphy/all131//bialleliconly_filtered.anew2024_all131.min131.phy.mldist

Ultrafast bootstrap approximation results written to:
  Split support values:          /SAN/ugi/plant_genom/jiajucui/phylogeny/phylogeny_snp/phy/anew2024/vcfandphy/all131//bialleliconly_filtered.anew2024_all131.min131.phy.splits.nex
  Consensus tree:                /SAN/ugi/plant_genom/jiajucui/phylogeny/phylogeny_snp/phy/anew2024/vcfandphy/all131//bialleliconly_filtered.anew2024_all131.min131.phy.contree
  Screen log file:               /SAN/ugi/plant_genom/jiajucui/phylogeny/phylogeny_snp/phy/anew2024/vcfandphy/all131//bialleliconly_filtered.anew2024_all131.min131.phy.log

Date and Time: Sun Jun 16 01:12:04 2024
